[2018-01-16 17:00:44.460, 0, main, INFO, App:18] ossuploader begin.
[2018-01-16 17:03:49.346, 0, main, INFO, App:18] ossuploader begin.
[2018-01-16 17:03:49.621, 275, main, DEBUG, BooleanConverter:353] Setting default value: false
[2018-01-16 17:03:49.628, 282, main, DEBUG, BooleanConverter:140] Converting 'Boolean' value 'false' to type 'Boolean'
[2018-01-16 17:03:49.629, 283, main, DEBUG, BooleanConverter:162]     No conversion required, value is already a Boolean
[2018-01-16 17:03:49.637, 291, main, DEBUG, ByteConverter:353] Setting default value: 0
[2018-01-16 17:03:49.637, 291, main, DEBUG, ByteConverter:140] Converting 'Integer' value '0' to type 'Byte'
[2018-01-16 17:03:49.638, 292, main, DEBUG, ByteConverter:171]     Converted to Byte value '0'
[2018-01-16 17:03:49.640, 294, main, DEBUG, CharacterConverter:353] Setting default value:  
[2018-01-16 17:03:49.641, 295, main, DEBUG, CharacterConverter:140] Converting 'Character' value ' ' to type 'Character'
[2018-01-16 17:03:49.641, 295, main, DEBUG, CharacterConverter:162]     No conversion required, value is already a Character
[2018-01-16 17:03:49.643, 297, main, DEBUG, DoubleConverter:353] Setting default value: 0
[2018-01-16 17:03:49.643, 297, main, DEBUG, DoubleConverter:140] Converting 'Integer' value '0' to type 'Double'
[2018-01-16 17:03:49.646, 300, main, DEBUG, DoubleConverter:171]     Converted to Double value '0.0'
[2018-01-16 17:03:49.647, 301, main, DEBUG, FloatConverter:353] Setting default value: 0
[2018-01-16 17:03:49.647, 301, main, DEBUG, FloatConverter:140] Converting 'Integer' value '0' to type 'Float'
[2018-01-16 17:03:49.648, 302, main, DEBUG, FloatConverter:171]     Converted to Float value '0.0'
[2018-01-16 17:03:49.652, 306, main, DEBUG, IntegerConverter:353] Setting default value: 0
[2018-01-16 17:03:49.653, 307, main, DEBUG, IntegerConverter:140] Converting 'Integer' value '0' to type 'Integer'
[2018-01-16 17:03:49.653, 307, main, DEBUG, IntegerConverter:162]     No conversion required, value is already a Integer
[2018-01-16 17:03:49.654, 308, main, DEBUG, LongConverter:353] Setting default value: 0
[2018-01-16 17:03:49.655, 309, main, DEBUG, LongConverter:140] Converting 'Integer' value '0' to type 'Long'
[2018-01-16 17:03:49.655, 309, main, DEBUG, LongConverter:171]     Converted to Long value '0'
[2018-01-16 17:03:49.656, 310, main, DEBUG, ShortConverter:353] Setting default value: 0
[2018-01-16 17:03:49.657, 311, main, DEBUG, ShortConverter:140] Converting 'Integer' value '0' to type 'Short'
[2018-01-16 17:03:49.657, 311, main, DEBUG, ShortConverter:171]     Converted to Short value '0'
[2018-01-16 17:03:49.662, 316, main, DEBUG, BigDecimalConverter:353] Setting default value: 0.0
[2018-01-16 17:03:49.663, 317, main, DEBUG, BigDecimalConverter:140] Converting 'BigDecimal' value '0.0' to type 'BigDecimal'
[2018-01-16 17:03:49.663, 317, main, DEBUG, BigDecimalConverter:162]     No conversion required, value is already a BigDecimal
[2018-01-16 17:03:49.668, 322, main, DEBUG, BigIntegerConverter:353] Setting default value: 0
[2018-01-16 17:03:49.668, 322, main, DEBUG, BigIntegerConverter:140] Converting 'BigInteger' value '0' to type 'BigInteger'
[2018-01-16 17:03:49.669, 323, main, DEBUG, BigIntegerConverter:162]     No conversion required, value is already a BigInteger
[2018-01-16 17:03:49.669, 323, main, DEBUG, BooleanConverter:353] Setting default value: false
[2018-01-16 17:03:49.670, 324, main, DEBUG, BooleanConverter:140] Converting 'Boolean' value 'false' to type 'Boolean'
[2018-01-16 17:03:49.670, 324, main, DEBUG, BooleanConverter:162]     No conversion required, value is already a Boolean
[2018-01-16 17:03:49.671, 325, main, DEBUG, ByteConverter:353] Setting default value: 0
[2018-01-16 17:03:49.671, 325, main, DEBUG, ByteConverter:140] Converting 'Integer' value '0' to type 'Byte'
[2018-01-16 17:03:49.671, 325, main, DEBUG, ByteConverter:171]     Converted to Byte value '0'
[2018-01-16 17:03:49.672, 326, main, DEBUG, CharacterConverter:353] Setting default value:  
[2018-01-16 17:03:49.672, 326, main, DEBUG, CharacterConverter:140] Converting 'Character' value ' ' to type 'Character'
[2018-01-16 17:03:49.673, 327, main, DEBUG, CharacterConverter:162]     No conversion required, value is already a Character
[2018-01-16 17:03:49.673, 327, main, DEBUG, DoubleConverter:353] Setting default value: 0
[2018-01-16 17:03:49.674, 328, main, DEBUG, DoubleConverter:140] Converting 'Integer' value '0' to type 'Double'
[2018-01-16 17:03:49.674, 328, main, DEBUG, DoubleConverter:171]     Converted to Double value '0.0'
[2018-01-16 17:03:49.674, 328, main, DEBUG, FloatConverter:353] Setting default value: 0
[2018-01-16 17:03:49.674, 328, main, DEBUG, FloatConverter:140] Converting 'Integer' value '0' to type 'Float'
[2018-01-16 17:03:49.675, 329, main, DEBUG, FloatConverter:171]     Converted to Float value '0.0'
[2018-01-16 17:03:49.675, 329, main, DEBUG, IntegerConverter:353] Setting default value: 0
[2018-01-16 17:03:49.676, 330, main, DEBUG, IntegerConverter:140] Converting 'Integer' value '0' to type 'Integer'
[2018-01-16 17:03:49.676, 330, main, DEBUG, IntegerConverter:162]     No conversion required, value is already a Integer
[2018-01-16 17:03:49.676, 330, main, DEBUG, LongConverter:353] Setting default value: 0
[2018-01-16 17:03:49.677, 331, main, DEBUG, LongConverter:140] Converting 'Integer' value '0' to type 'Long'
[2018-01-16 17:03:49.677, 331, main, DEBUG, LongConverter:171]     Converted to Long value '0'
[2018-01-16 17:03:49.678, 332, main, DEBUG, ShortConverter:353] Setting default value: 0
[2018-01-16 17:03:49.678, 332, main, DEBUG, ShortConverter:140] Converting 'Integer' value '0' to type 'Short'
[2018-01-16 17:03:49.678, 332, main, DEBUG, ShortConverter:171]     Converted to Short value '0'
[2018-01-16 17:03:49.680, 334, main, DEBUG, StringConverter:353] Setting default value: 
[2018-01-16 17:03:49.680, 334, main, DEBUG, StringConverter:140] Converting 'String' value '' to type 'String'
[2018-01-16 17:03:49.690, 344, main, DEBUG, ArrayConverter:353] Setting default value: [Z@12760d8
[2018-01-16 17:03:49.691, 345, main, DEBUG, ArrayConverter:140] Converting 'boolean[]' value '[Z@12760d8' to type 'boolean[]'
[2018-01-16 17:03:49.691, 345, main, DEBUG, ArrayConverter:162]     No conversion required, value is already a boolean[]
[2018-01-16 17:03:49.692, 346, main, DEBUG, ArrayConverter:353] Setting default value: [B@18ed237
[2018-01-16 17:03:49.692, 346, main, DEBUG, ArrayConverter:140] Converting 'byte[]' value '[B@18ed237' to type 'byte[]'
[2018-01-16 17:03:49.692, 346, main, DEBUG, ArrayConverter:162]     No conversion required, value is already a byte[]
[2018-01-16 17:03:49.692, 346, main, DEBUG, ArrayConverter:353] Setting default value: [C@1089e5f
[2018-01-16 17:03:49.693, 347, main, DEBUG, ArrayConverter:140] Converting 'char[]' value '[C@1089e5f' to type 'char[]'
[2018-01-16 17:03:49.693, 347, main, DEBUG, ArrayConverter:162]     No conversion required, value is already a char[]
[2018-01-16 17:03:49.693, 347, main, DEBUG, ArrayConverter:353] Setting default value: [D@f7aae2
[2018-01-16 17:03:49.694, 348, main, DEBUG, ArrayConverter:140] Converting 'double[]' value '[D@f7aae2' to type 'double[]'
[2018-01-16 17:03:49.694, 348, main, DEBUG, ArrayConverter:162]     No conversion required, value is already a double[]
[2018-01-16 17:03:49.694, 348, main, DEBUG, ArrayConverter:353] Setting default value: [F@3e4790
[2018-01-16 17:03:49.694, 348, main, DEBUG, ArrayConverter:140] Converting 'float[]' value '[F@3e4790' to type 'float[]'
[2018-01-16 17:03:49.694, 348, main, DEBUG, ArrayConverter:162]     No conversion required, value is already a float[]
[2018-01-16 17:03:49.695, 349, main, DEBUG, ArrayConverter:353] Setting default value: [I@79c6c6
[2018-01-16 17:03:49.695, 349, main, DEBUG, ArrayConverter:140] Converting 'int[]' value '[I@79c6c6' to type 'int[]'
[2018-01-16 17:03:49.695, 349, main, DEBUG, ArrayConverter:162]     No conversion required, value is already a int[]
[2018-01-16 17:03:49.696, 350, main, DEBUG, ArrayConverter:353] Setting default value: [J@1e1023e
[2018-01-16 17:03:49.696, 350, main, DEBUG, ArrayConverter:140] Converting 'long[]' value '[J@1e1023e' to type 'long[]'
[2018-01-16 17:03:49.697, 351, main, DEBUG, ArrayConverter:162]     No conversion required, value is already a long[]
[2018-01-16 17:03:49.697, 351, main, DEBUG, ArrayConverter:353] Setting default value: [S@b8f8f4
[2018-01-16 17:03:49.697, 351, main, DEBUG, ArrayConverter:140] Converting 'short[]' value '[S@b8f8f4' to type 'short[]'
[2018-01-16 17:03:49.698, 352, main, DEBUG, ArrayConverter:162]     No conversion required, value is already a short[]
[2018-01-16 17:03:49.698, 352, main, DEBUG, ArrayConverter:353] Setting default value: [Ljava.math.BigDecimal;@d1f1c8
[2018-01-16 17:03:49.698, 352, main, DEBUG, ArrayConverter:140] Converting 'BigDecimal[]' value '[Ljava.math.BigDecimal;@d1f1c8' to type 'BigDecimal[]'
[2018-01-16 17:03:49.698, 352, main, DEBUG, ArrayConverter:162]     No conversion required, value is already a BigDecimal[]
[2018-01-16 17:03:49.699, 353, main, DEBUG, ArrayConverter:353] Setting default value: [Ljava.math.BigInteger;@196cd68
[2018-01-16 17:03:49.699, 353, main, DEBUG, ArrayConverter:140] Converting 'BigInteger[]' value '[Ljava.math.BigInteger;@196cd68' to type 'BigInteger[]'
[2018-01-16 17:03:49.700, 354, main, DEBUG, ArrayConverter:162]     No conversion required, value is already a BigInteger[]
[2018-01-16 17:03:49.700, 354, main, DEBUG, ArrayConverter:353] Setting default value: [Ljava.lang.Boolean;@555590
[2018-01-16 17:03:49.700, 354, main, DEBUG, ArrayConverter:140] Converting 'Boolean[]' value '[Ljava.lang.Boolean;@555590' to type 'Boolean[]'
[2018-01-16 17:03:49.701, 355, main, DEBUG, ArrayConverter:162]     No conversion required, value is already a Boolean[]
[2018-01-16 17:03:49.701, 355, main, DEBUG, ArrayConverter:353] Setting default value: [Ljava.lang.Byte;@4c0bc4
[2018-01-16 17:03:49.701, 355, main, DEBUG, ArrayConverter:140] Converting 'Byte[]' value '[Ljava.lang.Byte;@4c0bc4' to type 'Byte[]'
[2018-01-16 17:03:49.702, 356, main, DEBUG, ArrayConverter:162]     No conversion required, value is already a Byte[]
[2018-01-16 17:03:49.702, 356, main, DEBUG, ArrayConverter:353] Setting default value: [Ljava.lang.Character;@b4a017
[2018-01-16 17:03:49.702, 356, main, DEBUG, ArrayConverter:140] Converting 'Character[]' value '[Ljava.lang.Character;@b4a017' to type 'Character[]'
[2018-01-16 17:03:49.702, 356, main, DEBUG, ArrayConverter:162]     No conversion required, value is already a Character[]
[2018-01-16 17:03:49.703, 357, main, DEBUG, ArrayConverter:353] Setting default value: [Ljava.lang.Double;@3046da
[2018-01-16 17:03:49.703, 357, main, DEBUG, ArrayConverter:140] Converting 'Double[]' value '[Ljava.lang.Double;@3046da' to type 'Double[]'
[2018-01-16 17:03:49.703, 357, main, DEBUG, ArrayConverter:162]     No conversion required, value is already a Double[]
[2018-01-16 17:03:49.704, 358, main, DEBUG, ArrayConverter:353] Setting default value: [Ljava.lang.Float;@18e2867
[2018-01-16 17:03:49.704, 358, main, DEBUG, ArrayConverter:140] Converting 'Float[]' value '[Ljava.lang.Float;@18e2867' to type 'Float[]'
[2018-01-16 17:03:49.704, 358, main, DEBUG, ArrayConverter:162]     No conversion required, value is already a Float[]
[2018-01-16 17:03:49.704, 358, main, DEBUG, ArrayConverter:353] Setting default value: [Ljava.lang.Integer;@da9e37
[2018-01-16 17:03:49.705, 359, main, DEBUG, ArrayConverter:140] Converting 'Integer[]' value '[Ljava.lang.Integer;@da9e37' to type 'Integer[]'
[2018-01-16 17:03:49.705, 359, main, DEBUG, ArrayConverter:162]     No conversion required, value is already a Integer[]
[2018-01-16 17:03:49.705, 359, main, DEBUG, ArrayConverter:353] Setting default value: [Ljava.lang.Long;@19866c
[2018-01-16 17:03:49.705, 359, main, DEBUG, ArrayConverter:140] Converting 'Long[]' value '[Ljava.lang.Long;@19866c' to type 'Long[]'
[2018-01-16 17:03:49.706, 360, main, DEBUG, ArrayConverter:162]     No conversion required, value is already a Long[]
[2018-01-16 17:03:49.706, 360, main, DEBUG, ArrayConverter:353] Setting default value: [Ljava.lang.Short;@fb2c38
[2018-01-16 17:03:49.706, 360, main, DEBUG, ArrayConverter:140] Converting 'Short[]' value '[Ljava.lang.Short;@fb2c38' to type 'Short[]'
[2018-01-16 17:03:49.707, 361, main, DEBUG, ArrayConverter:162]     No conversion required, value is already a Short[]
[2018-01-16 17:03:49.707, 361, main, DEBUG, ArrayConverter:353] Setting default value: [Ljava.lang.String;@afffde
[2018-01-16 17:03:49.707, 361, main, DEBUG, ArrayConverter:140] Converting 'String[]' value '[Ljava.lang.String;@afffde' to type 'String[]'
[2018-01-16 17:03:49.708, 362, main, DEBUG, ArrayConverter:162]     No conversion required, value is already a String[]
[2018-01-16 17:03:49.708, 362, main, DEBUG, ArrayConverter:353] Setting default value: [Ljava.lang.Class;@42775d
[2018-01-16 17:03:49.708, 362, main, DEBUG, ArrayConverter:140] Converting 'Class[]' value '[Ljava.lang.Class;@42775d' to type 'Class[]'
[2018-01-16 17:03:49.709, 363, main, DEBUG, ArrayConverter:162]     No conversion required, value is already a Class[]
[2018-01-16 17:03:49.709, 363, main, DEBUG, ArrayConverter:353] Setting default value: [Ljava.util.Date;@4cee07
[2018-01-16 17:03:49.710, 364, main, DEBUG, ArrayConverter:140] Converting 'Date[]' value '[Ljava.util.Date;@4cee07' to type 'Date[]'
[2018-01-16 17:03:49.710, 364, main, DEBUG, ArrayConverter:162]     No conversion required, value is already a Date[]
[2018-01-16 17:03:49.710, 364, main, DEBUG, ArrayConverter:353] Setting default value: [Ljava.util.Calendar;@629d6e
[2018-01-16 17:03:49.711, 365, main, DEBUG, ArrayConverter:140] Converting 'Calendar[]' value '[Ljava.util.Calendar;@629d6e' to type 'Calendar[]'
[2018-01-16 17:03:49.711, 365, main, DEBUG, ArrayConverter:162]     No conversion required, value is already a Calendar[]
[2018-01-16 17:03:49.711, 365, main, DEBUG, ArrayConverter:353] Setting default value: [Ljava.io.File;@1102e87
[2018-01-16 17:03:49.712, 366, main, DEBUG, ArrayConverter:140] Converting 'java.io.File[]' value '[Ljava.io.File;@1102e87' to type 'java.io.File[]'
[2018-01-16 17:03:49.713, 367, main, DEBUG, ArrayConverter:162]     No conversion required, value is already a java.io.File[]
[2018-01-16 17:03:49.713, 367, main, DEBUG, ArrayConverter:353] Setting default value: [Ljava.sql.Date;@15a92bb
[2018-01-16 17:03:49.714, 368, main, DEBUG, ArrayConverter:140] Converting 'java.sql.Date[]' value '[Ljava.sql.Date;@15a92bb' to type 'java.sql.Date[]'
[2018-01-16 17:03:49.714, 368, main, DEBUG, ArrayConverter:162]     No conversion required, value is already a java.sql.Date[]
[2018-01-16 17:03:49.714, 368, main, DEBUG, ArrayConverter:353] Setting default value: [Ljava.sql.Time;@1016012
[2018-01-16 17:03:49.715, 369, main, DEBUG, ArrayConverter:140] Converting 'java.sql.Time[]' value '[Ljava.sql.Time;@1016012' to type 'java.sql.Time[]'
[2018-01-16 17:03:49.715, 369, main, DEBUG, ArrayConverter:162]     No conversion required, value is already a java.sql.Time[]
[2018-01-16 17:03:49.715, 369, main, DEBUG, ArrayConverter:353] Setting default value: [Ljava.sql.Timestamp;@80cdac
[2018-01-16 17:03:49.716, 370, main, DEBUG, ArrayConverter:140] Converting 'java.sql.Timestamp[]' value '[Ljava.sql.Timestamp;@80cdac' to type 'java.sql.Timestamp[]'
[2018-01-16 17:03:49.716, 370, main, DEBUG, ArrayConverter:162]     No conversion required, value is already a java.sql.Timestamp[]
[2018-01-16 17:03:49.716, 370, main, DEBUG, ArrayConverter:353] Setting default value: [Ljava.net.URL;@1ccd51b
[2018-01-16 17:03:49.717, 371, main, DEBUG, ArrayConverter:140] Converting 'java.net.URL[]' value '[Ljava.net.URL;@1ccd51b' to type 'java.net.URL[]'
[2018-01-16 17:03:49.717, 371, main, DEBUG, ArrayConverter:162]     No conversion required, value is already a java.net.URL[]
[2018-01-16 17:03:49.805, 459, main, DEBUG, FileLocatorUtils:530] Loading configuration from the context classpath (config.properties)
[2018-01-16 17:10:16.809, 0, main, INFO, App:19] ossuploader begin.
[2018-01-16 17:10:17.054, 245, main, DEBUG, BooleanConverter:353] Setting default value: false
[2018-01-16 17:10:17.062, 253, main, DEBUG, BooleanConverter:140] Converting 'Boolean' value 'false' to type 'Boolean'
[2018-01-16 17:10:17.062, 253, main, DEBUG, BooleanConverter:162]     No conversion required, value is already a Boolean
[2018-01-16 17:10:17.069, 260, main, DEBUG, ByteConverter:353] Setting default value: 0
[2018-01-16 17:10:17.069, 260, main, DEBUG, ByteConverter:140] Converting 'Integer' value '0' to type 'Byte'
[2018-01-16 17:10:17.070, 261, main, DEBUG, ByteConverter:171]     Converted to Byte value '0'
[2018-01-16 17:10:17.072, 263, main, DEBUG, CharacterConverter:353] Setting default value:  
[2018-01-16 17:10:17.072, 263, main, DEBUG, CharacterConverter:140] Converting 'Character' value ' ' to type 'Character'
[2018-01-16 17:10:17.073, 264, main, DEBUG, CharacterConverter:162]     No conversion required, value is already a Character
[2018-01-16 17:10:17.074, 265, main, DEBUG, DoubleConverter:353] Setting default value: 0
[2018-01-16 17:10:17.074, 265, main, DEBUG, DoubleConverter:140] Converting 'Integer' value '0' to type 'Double'
[2018-01-16 17:10:17.076, 267, main, DEBUG, DoubleConverter:171]     Converted to Double value '0.0'
[2018-01-16 17:10:17.078, 269, main, DEBUG, FloatConverter:353] Setting default value: 0
[2018-01-16 17:10:17.078, 269, main, DEBUG, FloatConverter:140] Converting 'Integer' value '0' to type 'Float'
[2018-01-16 17:10:17.079, 270, main, DEBUG, FloatConverter:171]     Converted to Float value '0.0'
[2018-01-16 17:10:17.083, 274, main, DEBUG, IntegerConverter:353] Setting default value: 0
[2018-01-16 17:10:17.083, 274, main, DEBUG, IntegerConverter:140] Converting 'Integer' value '0' to type 'Integer'
[2018-01-16 17:10:17.084, 275, main, DEBUG, IntegerConverter:162]     No conversion required, value is already a Integer
[2018-01-16 17:10:17.085, 276, main, DEBUG, LongConverter:353] Setting default value: 0
[2018-01-16 17:10:17.085, 276, main, DEBUG, LongConverter:140] Converting 'Integer' value '0' to type 'Long'
[2018-01-16 17:10:17.086, 277, main, DEBUG, LongConverter:171]     Converted to Long value '0'
[2018-01-16 17:10:17.087, 278, main, DEBUG, ShortConverter:353] Setting default value: 0
[2018-01-16 17:10:17.087, 278, main, DEBUG, ShortConverter:140] Converting 'Integer' value '0' to type 'Short'
[2018-01-16 17:10:17.087, 278, main, DEBUG, ShortConverter:171]     Converted to Short value '0'
[2018-01-16 17:10:17.092, 283, main, DEBUG, BigDecimalConverter:353] Setting default value: 0.0
[2018-01-16 17:10:17.092, 283, main, DEBUG, BigDecimalConverter:140] Converting 'BigDecimal' value '0.0' to type 'BigDecimal'
[2018-01-16 17:10:17.093, 284, main, DEBUG, BigDecimalConverter:162]     No conversion required, value is already a BigDecimal
[2018-01-16 17:10:17.096, 287, main, DEBUG, BigIntegerConverter:353] Setting default value: 0
[2018-01-16 17:10:17.096, 287, main, DEBUG, BigIntegerConverter:140] Converting 'BigInteger' value '0' to type 'BigInteger'
[2018-01-16 17:10:17.097, 288, main, DEBUG, BigIntegerConverter:162]     No conversion required, value is already a BigInteger
[2018-01-16 17:10:17.097, 288, main, DEBUG, BooleanConverter:353] Setting default value: false
[2018-01-16 17:10:17.098, 289, main, DEBUG, BooleanConverter:140] Converting 'Boolean' value 'false' to type 'Boolean'
[2018-01-16 17:10:17.098, 289, main, DEBUG, BooleanConverter:162]     No conversion required, value is already a Boolean
[2018-01-16 17:10:17.099, 290, main, DEBUG, ByteConverter:353] Setting default value: 0
[2018-01-16 17:10:17.099, 290, main, DEBUG, ByteConverter:140] Converting 'Integer' value '0' to type 'Byte'
[2018-01-16 17:10:17.099, 290, main, DEBUG, ByteConverter:171]     Converted to Byte value '0'
[2018-01-16 17:10:17.100, 291, main, DEBUG, CharacterConverter:353] Setting default value:  
[2018-01-16 17:10:17.100, 291, main, DEBUG, CharacterConverter:140] Converting 'Character' value ' ' to type 'Character'
[2018-01-16 17:10:17.101, 292, main, DEBUG, CharacterConverter:162]     No conversion required, value is already a Character
[2018-01-16 17:10:17.101, 292, main, DEBUG, DoubleConverter:353] Setting default value: 0
[2018-01-16 17:10:17.102, 293, main, DEBUG, DoubleConverter:140] Converting 'Integer' value '0' to type 'Double'
[2018-01-16 17:10:17.102, 293, main, DEBUG, DoubleConverter:171]     Converted to Double value '0.0'
[2018-01-16 17:10:17.103, 294, main, DEBUG, FloatConverter:353] Setting default value: 0
[2018-01-16 17:10:17.103, 294, main, DEBUG, FloatConverter:140] Converting 'Integer' value '0' to type 'Float'
[2018-01-16 17:10:17.104, 295, main, DEBUG, FloatConverter:171]     Converted to Float value '0.0'
[2018-01-16 17:10:17.104, 295, main, DEBUG, IntegerConverter:353] Setting default value: 0
[2018-01-16 17:10:17.104, 295, main, DEBUG, IntegerConverter:140] Converting 'Integer' value '0' to type 'Integer'
[2018-01-16 17:10:17.105, 296, main, DEBUG, IntegerConverter:162]     No conversion required, value is already a Integer
[2018-01-16 17:10:17.105, 296, main, DEBUG, LongConverter:353] Setting default value: 0
[2018-01-16 17:10:17.106, 297, main, DEBUG, LongConverter:140] Converting 'Integer' value '0' to type 'Long'
[2018-01-16 17:10:17.106, 297, main, DEBUG, LongConverter:171]     Converted to Long value '0'
[2018-01-16 17:10:17.106, 297, main, DEBUG, ShortConverter:353] Setting default value: 0
[2018-01-16 17:10:17.107, 298, main, DEBUG, ShortConverter:140] Converting 'Integer' value '0' to type 'Short'
[2018-01-16 17:10:17.107, 298, main, DEBUG, ShortConverter:171]     Converted to Short value '0'
[2018-01-16 17:10:17.109, 300, main, DEBUG, StringConverter:353] Setting default value: 
[2018-01-16 17:10:17.109, 300, main, DEBUG, StringConverter:140] Converting 'String' value '' to type 'String'
[2018-01-16 17:10:17.122, 313, main, DEBUG, ArrayConverter:353] Setting default value: [Z@12760d8
[2018-01-16 17:10:17.123, 314, main, DEBUG, ArrayConverter:140] Converting 'boolean[]' value '[Z@12760d8' to type 'boolean[]'
[2018-01-16 17:10:17.123, 314, main, DEBUG, ArrayConverter:162]     No conversion required, value is already a boolean[]
[2018-01-16 17:10:17.124, 315, main, DEBUG, ArrayConverter:353] Setting default value: [B@18ed237
[2018-01-16 17:10:17.124, 315, main, DEBUG, ArrayConverter:140] Converting 'byte[]' value '[B@18ed237' to type 'byte[]'
[2018-01-16 17:10:17.124, 315, main, DEBUG, ArrayConverter:162]     No conversion required, value is already a byte[]
[2018-01-16 17:10:17.125, 316, main, DEBUG, ArrayConverter:353] Setting default value: [C@1089e5f
[2018-01-16 17:10:17.125, 316, main, DEBUG, ArrayConverter:140] Converting 'char[]' value '[C@1089e5f' to type 'char[]'
[2018-01-16 17:10:17.126, 317, main, DEBUG, ArrayConverter:162]     No conversion required, value is already a char[]
[2018-01-16 17:10:17.126, 317, main, DEBUG, ArrayConverter:353] Setting default value: [D@f7aae2
[2018-01-16 17:10:17.126, 317, main, DEBUG, ArrayConverter:140] Converting 'double[]' value '[D@f7aae2' to type 'double[]'
[2018-01-16 17:10:17.127, 318, main, DEBUG, ArrayConverter:162]     No conversion required, value is already a double[]
[2018-01-16 17:10:17.127, 318, main, DEBUG, ArrayConverter:353] Setting default value: [F@3e4790
[2018-01-16 17:10:17.128, 319, main, DEBUG, ArrayConverter:140] Converting 'float[]' value '[F@3e4790' to type 'float[]'
[2018-01-16 17:10:17.128, 319, main, DEBUG, ArrayConverter:162]     No conversion required, value is already a float[]
[2018-01-16 17:10:17.128, 319, main, DEBUG, ArrayConverter:353] Setting default value: [I@79c6c6
[2018-01-16 17:10:17.129, 320, main, DEBUG, ArrayConverter:140] Converting 'int[]' value '[I@79c6c6' to type 'int[]'
[2018-01-16 17:10:17.129, 320, main, DEBUG, ArrayConverter:162]     No conversion required, value is already a int[]
[2018-01-16 17:10:17.129, 320, main, DEBUG, ArrayConverter:353] Setting default value: [J@1e1023e
[2018-01-16 17:10:17.130, 321, main, DEBUG, ArrayConverter:140] Converting 'long[]' value '[J@1e1023e' to type 'long[]'
[2018-01-16 17:10:17.130, 321, main, DEBUG, ArrayConverter:162]     No conversion required, value is already a long[]
[2018-01-16 17:10:17.131, 322, main, DEBUG, ArrayConverter:353] Setting default value: [S@b8f8f4
[2018-01-16 17:10:17.131, 322, main, DEBUG, ArrayConverter:140] Converting 'short[]' value '[S@b8f8f4' to type 'short[]'
[2018-01-16 17:10:17.131, 322, main, DEBUG, ArrayConverter:162]     No conversion required, value is already a short[]
[2018-01-16 17:10:17.132, 323, main, DEBUG, ArrayConverter:353] Setting default value: [Ljava.math.BigDecimal;@d1f1c8
[2018-01-16 17:10:17.132, 323, main, DEBUG, ArrayConverter:140] Converting 'BigDecimal[]' value '[Ljava.math.BigDecimal;@d1f1c8' to type 'BigDecimal[]'
[2018-01-16 17:10:17.132, 323, main, DEBUG, ArrayConverter:162]     No conversion required, value is already a BigDecimal[]
[2018-01-16 17:10:17.133, 324, main, DEBUG, ArrayConverter:353] Setting default value: [Ljava.math.BigInteger;@196cd68
[2018-01-16 17:10:17.133, 324, main, DEBUG, ArrayConverter:140] Converting 'BigInteger[]' value '[Ljava.math.BigInteger;@196cd68' to type 'BigInteger[]'
[2018-01-16 17:10:17.133, 324, main, DEBUG, ArrayConverter:162]     No conversion required, value is already a BigInteger[]
[2018-01-16 17:10:17.134, 325, main, DEBUG, ArrayConverter:353] Setting default value: [Ljava.lang.Boolean;@555590
[2018-01-16 17:10:17.134, 325, main, DEBUG, ArrayConverter:140] Converting 'Boolean[]' value '[Ljava.lang.Boolean;@555590' to type 'Boolean[]'
[2018-01-16 17:10:17.135, 326, main, DEBUG, ArrayConverter:162]     No conversion required, value is already a Boolean[]
[2018-01-16 17:10:17.135, 326, main, DEBUG, ArrayConverter:353] Setting default value: [Ljava.lang.Byte;@4c0bc4
[2018-01-16 17:10:17.135, 326, main, DEBUG, ArrayConverter:140] Converting 'Byte[]' value '[Ljava.lang.Byte;@4c0bc4' to type 'Byte[]'
[2018-01-16 17:10:17.136, 327, main, DEBUG, ArrayConverter:162]     No conversion required, value is already a Byte[]
[2018-01-16 17:10:17.136, 327, main, DEBUG, ArrayConverter:353] Setting default value: [Ljava.lang.Character;@b4a017
[2018-01-16 17:10:17.136, 327, main, DEBUG, ArrayConverter:140] Converting 'Character[]' value '[Ljava.lang.Character;@b4a017' to type 'Character[]'
[2018-01-16 17:10:17.137, 328, main, DEBUG, ArrayConverter:162]     No conversion required, value is already a Character[]
[2018-01-16 17:10:17.137, 328, main, DEBUG, ArrayConverter:353] Setting default value: [Ljava.lang.Double;@3046da
[2018-01-16 17:10:17.137, 328, main, DEBUG, ArrayConverter:140] Converting 'Double[]' value '[Ljava.lang.Double;@3046da' to type 'Double[]'
[2018-01-16 17:10:17.138, 329, main, DEBUG, ArrayConverter:162]     No conversion required, value is already a Double[]
[2018-01-16 17:10:17.138, 329, main, DEBUG, ArrayConverter:353] Setting default value: [Ljava.lang.Float;@18e2867
[2018-01-16 17:10:17.138, 329, main, DEBUG, ArrayConverter:140] Converting 'Float[]' value '[Ljava.lang.Float;@18e2867' to type 'Float[]'
[2018-01-16 17:10:17.139, 330, main, DEBUG, ArrayConverter:162]     No conversion required, value is already a Float[]
[2018-01-16 17:10:17.139, 330, main, DEBUG, ArrayConverter:353] Setting default value: [Ljava.lang.Integer;@da9e37
[2018-01-16 17:10:17.139, 330, main, DEBUG, ArrayConverter:140] Converting 'Integer[]' value '[Ljava.lang.Integer;@da9e37' to type 'Integer[]'
[2018-01-16 17:10:17.140, 331, main, DEBUG, ArrayConverter:162]     No conversion required, value is already a Integer[]
[2018-01-16 17:10:17.140, 331, main, DEBUG, ArrayConverter:353] Setting default value: [Ljava.lang.Long;@19866c
[2018-01-16 17:10:17.142, 333, main, DEBUG, ArrayConverter:140] Converting 'Long[]' value '[Ljava.lang.Long;@19866c' to type 'Long[]'
[2018-01-16 17:10:17.142, 333, main, DEBUG, ArrayConverter:162]     No conversion required, value is already a Long[]
[2018-01-16 17:10:17.142, 333, main, DEBUG, ArrayConverter:353] Setting default value: [Ljava.lang.Short;@fb2c38
[2018-01-16 17:10:17.143, 334, main, DEBUG, ArrayConverter:140] Converting 'Short[]' value '[Ljava.lang.Short;@fb2c38' to type 'Short[]'
[2018-01-16 17:10:17.143, 334, main, DEBUG, ArrayConverter:162]     No conversion required, value is already a Short[]
[2018-01-16 17:10:17.144, 335, main, DEBUG, ArrayConverter:353] Setting default value: [Ljava.lang.String;@afffde
[2018-01-16 17:10:17.144, 335, main, DEBUG, ArrayConverter:140] Converting 'String[]' value '[Ljava.lang.String;@afffde' to type 'String[]'
[2018-01-16 17:10:17.145, 336, main, DEBUG, ArrayConverter:162]     No conversion required, value is already a String[]
[2018-01-16 17:10:17.145, 336, main, DEBUG, ArrayConverter:353] Setting default value: [Ljava.lang.Class;@42775d
[2018-01-16 17:10:17.146, 337, main, DEBUG, ArrayConverter:140] Converting 'Class[]' value '[Ljava.lang.Class;@42775d' to type 'Class[]'
[2018-01-16 17:10:17.146, 337, main, DEBUG, ArrayConverter:162]     No conversion required, value is already a Class[]
[2018-01-16 17:10:17.146, 337, main, DEBUG, ArrayConverter:353] Setting default value: [Ljava.util.Date;@4cee07
[2018-01-16 17:10:17.147, 338, main, DEBUG, ArrayConverter:140] Converting 'Date[]' value '[Ljava.util.Date;@4cee07' to type 'Date[]'
[2018-01-16 17:10:17.147, 338, main, DEBUG, ArrayConverter:162]     No conversion required, value is already a Date[]
[2018-01-16 17:10:17.148, 339, main, DEBUG, ArrayConverter:353] Setting default value: [Ljava.util.Calendar;@629d6e
[2018-01-16 17:10:17.148, 339, main, DEBUG, ArrayConverter:140] Converting 'Calendar[]' value '[Ljava.util.Calendar;@629d6e' to type 'Calendar[]'
[2018-01-16 17:10:17.149, 340, main, DEBUG, ArrayConverter:162]     No conversion required, value is already a Calendar[]
[2018-01-16 17:10:17.149, 340, main, DEBUG, ArrayConverter:353] Setting default value: [Ljava.io.File;@1102e87
[2018-01-16 17:10:17.149, 340, main, DEBUG, ArrayConverter:140] Converting 'java.io.File[]' value '[Ljava.io.File;@1102e87' to type 'java.io.File[]'
[2018-01-16 17:10:17.150, 341, main, DEBUG, ArrayConverter:162]     No conversion required, value is already a java.io.File[]
[2018-01-16 17:10:17.150, 341, main, DEBUG, ArrayConverter:353] Setting default value: [Ljava.sql.Date;@15a92bb
[2018-01-16 17:10:17.151, 342, main, DEBUG, ArrayConverter:140] Converting 'java.sql.Date[]' value '[Ljava.sql.Date;@15a92bb' to type 'java.sql.Date[]'
[2018-01-16 17:10:17.152, 343, main, DEBUG, ArrayConverter:162]     No conversion required, value is already a java.sql.Date[]
[2018-01-16 17:10:17.152, 343, main, DEBUG, ArrayConverter:353] Setting default value: [Ljava.sql.Time;@1016012
[2018-01-16 17:10:17.152, 343, main, DEBUG, ArrayConverter:140] Converting 'java.sql.Time[]' value '[Ljava.sql.Time;@1016012' to type 'java.sql.Time[]'
[2018-01-16 17:10:17.152, 343, main, DEBUG, ArrayConverter:162]     No conversion required, value is already a java.sql.Time[]
[2018-01-16 17:10:17.153, 344, main, DEBUG, ArrayConverter:353] Setting default value: [Ljava.sql.Timestamp;@80cdac
[2018-01-16 17:10:17.153, 344, main, DEBUG, ArrayConverter:140] Converting 'java.sql.Timestamp[]' value '[Ljava.sql.Timestamp;@80cdac' to type 'java.sql.Timestamp[]'
[2018-01-16 17:10:17.153, 344, main, DEBUG, ArrayConverter:162]     No conversion required, value is already a java.sql.Timestamp[]
[2018-01-16 17:10:17.154, 345, main, DEBUG, ArrayConverter:353] Setting default value: [Ljava.net.URL;@1ccd51b
[2018-01-16 17:10:17.154, 345, main, DEBUG, ArrayConverter:140] Converting 'java.net.URL[]' value '[Ljava.net.URL;@1ccd51b' to type 'java.net.URL[]'
[2018-01-16 17:10:17.154, 345, main, DEBUG, ArrayConverter:162]     No conversion required, value is already a java.net.URL[]
[2018-01-16 17:10:17.231, 422, main, DEBUG, FileLocatorUtils:530] Loading configuration from the context classpath (config.properties)
[2018-01-16 17:10:17.311, 502, main, INFO, App:33] app.type=sqlite2oss
[2018-01-16 17:11:58.675, 0, main, INFO, App:19] ossuploader begin.
[2018-01-16 17:11:59.063, 388, main, INFO, App:33] app.type=sqlite2oss
[2018-01-16 17:12:42.127, 0, main, INFO, App:19] ossuploader begin.
[2018-01-16 17:12:42.598, 471, main, INFO, App:33] app.type=sqlite2oss
[2018-01-16 17:13:11.696, 0, main, INFO, App:19] ossuploader begin.
[2018-01-16 17:13:12.159, 463, main, INFO, App:33] app.type=sqlite2oss
[2018-01-16 17:13:12.159, 463, main, INFO, App:35] ossuploader end.
[2018-01-16 17:31:01.217, 0, main, INFO, App:19] ossuploader begin.
[2018-01-16 17:31:01.863, 646, main, INFO, App:33] db.type=sqlite
[2018-01-16 17:31:01.864, 647, main, INFO, App:39] ossuploader end.
[2018-01-16 17:31:36.033, 0, main, INFO, App:19] ossuploader begin.
[2018-01-16 17:31:36.361, 328, main, INFO, App:33] db.type=sqlite
[2018-01-16 17:31:36.362, 329, main, INFO, App:36] db.xxx=null
[2018-01-16 17:31:36.362, 329, main, INFO, App:40] ossuploader end.
